<?xml version="1.0" encoding="UTF-8"?>
<coverage generated="1677371636047" clover="3.2.0">
  <project timestamp="1677371636048" name="All files">
    <metrics statements="26" coveredstatements="26" conditionals="6" coveredconditionals="6" methods="5" coveredmethods="5" elements="37" coveredelements="37" complexity="0" loc="26" ncloc="26" packages="1" files="2" classes="2"/>
    <file name="evenOrOdd.js" path="C:\Users\emanu\OneDrive\Área de Trabalho\Emanuel\Web-Development-Course\8-Node.JS\class-08-automatic-tests\unit-tests\services\evenOrOdd.js">
      <metrics statements="9" coveredstatements="9" conditionals="2" coveredconditionals="2" methods="1" coveredmethods="1"/>
      <line num="1" count="1" type="stmt"/>
      <line num="2" count="1" type="cond" truecount="1" falsecount="0"/>
      <line num="3" count="2" type="cond" truecount="1" falsecount="0"/>
      <line num="4" count="1" type="stmt"/>
      <line num="5" count="1" type="stmt"/>
      <line num="6" count="1" type="stmt"/>
      <line num="7" count="1" type="stmt"/>
      <line num="8" count="2" type="stmt"/>
      <line num="9" count="1" type="stmt"/>
    </file>
    <file name="mathFunctions.js" path="C:\Users\emanu\OneDrive\Área de Trabalho\Emanuel\Web-Development-Course\8-Node.JS\class-08-automatic-tests\unit-tests\services\mathFunctions.js">
      <metrics statements="17" coveredstatements="17" conditionals="4" coveredconditionals="4" methods="4" coveredmethods="4"/>
      <line num="1" count="1" type="stmt"/>
      <line num="2" count="1" type="cond" truecount="1" falsecount="0"/>
      <line num="3" count="1" type="stmt"/>
      <line num="4" count="1" type="stmt"/>
      <line num="5" count="1" type="stmt"/>
      <line num="6" count="1" type="cond" truecount="1" falsecount="0"/>
      <line num="7" count="1" type="stmt"/>
      <line num="8" count="1" type="stmt"/>
      <line num="9" count="1" type="stmt"/>
      <line num="10" count="1" type="cond" truecount="1" falsecount="0"/>
      <line num="11" count="1" type="stmt"/>
      <line num="12" count="1" type="stmt"/>
      <line num="13" count="1" type="stmt"/>
      <line num="14" count="1" type="cond" truecount="1" falsecount="0"/>
      <line num="15" count="1" type="stmt"/>
      <line num="16" count="1" type="stmt"/>
      <line num="17" count="1" type="stmt"/>
    </file>
  </project>
</coverage>
