TN:
SF:services\evenOrOdd.js
FN:2,check
FNF:1
FNH:1
FNDA:2,check
DA:1,1
DA:2,1
DA:3,2
DA:4,1
DA:5,1
DA:6,1
DA:7,1
DA:8,2
DA:9,1
LF:9
LH:9
BRDA:2,0,0,2
BRDA:3,1,0,1
BRF:2
BRH:2
end_of_record
TN:
SF:services\mathFunctions.js
FN:2,sum
FN:6,sub
FN:10,mul
FN:14,div
FNF:4
FNH:4
FNDA:1,sum
FNDA:1,sub
FNDA:1,mul
FNDA:1,div
DA:1,1
DA:2,1
DA:3,1
DA:4,1
DA:5,1
DA:6,1
DA:7,1
DA:8,1
DA:9,1
DA:10,1
DA:11,1
DA:12,1
DA:13,1
DA:14,1
DA:15,1
DA:16,1
DA:17,1
LF:17
LH:17
BRDA:2,0,0,1
BRDA:6,1,0,1
BRDA:10,2,0,1
BRDA:14,3,0,1
BRF:4
BRH:4
end_of_record
